Dec 17 22:00:48 sshd INFO: Operation completed successfully.
Dec 17 22:00:45 cron INFO: Operation completed successfully.
Dec 17 22:00:41 systemd INFO: Operation completed successfully.
Dec 17 22:00:34 sshd INFO: Operation completed successfully.
Dec 17 22:00:33 kernel INFO: Operation completed successfully.
Dec 17 22:00:31 cron INFO: Operation completed successfully.
Dec 17 22:00:29 nginx INFO: Operation completed successfully.
Dec 17 22:00:22 kernel INFO: Operation completed successfully.
Dec 17 22:00:16 systemd INFO: Operation completed successfully.
Dec 17 22:00:11 cron INFO: Operation completed successfully.
Dec 17 22:00:02 systemd INFO: Operation completed successfully.
Dec 17 22:00:01 kernel INFO: Operation completed successfully.
Dec 17 21:59:54 sshd INFO: Operation completed successfully.
Dec 17 21:59:44 cron INFO: Operation completed successfully.
Dec 17 21:59:40 nginx INFO: Operation completed successfully.
Dec 17 21:59:38 kernel INFO: Operation completed successfully.
Dec 17 21:59:34 sshd INFO: Operation completed successfully.
Dec 17 21:59:28 nginx INFO: Operation completed successfully.
Dec 17 21:59:25 nginx INFO: Operation completed successfully.
Dec 17 21:59:22 cron INFO: Operation completed successfully.
Dec 17 21:59:14 systemd INFO: Operation completed successfully.
Dec 17 21:59:13 nginx INFO: Operation completed successfully.
Dec 17 21:59:11 sshd INFO: Operation completed successfully.
Dec 17 21:59:09 nginx INFO: Operation completed successfully.
Dec 17 21:59:01 systemd INFO: Operation completed successfully.
Dec 17 21:59:00 sshd INFO: Operation completed successfully.
Dec 17 21:58:55 systemd INFO: Operation completed successfully.
Dec 17 21:58:51 systemd INFO: Operation completed successfully.
Dec 17 21:58:44 kernel INFO: Operation completed successfully.
Dec 17 21:58:38 cron INFO: Operation completed successfully.
Dec 17 21:58:34 nginx INFO: Operation completed successfully.
Dec 17 21:58:27 cron INFO: Operation completed successfully.
Dec 17 21:58:18 kernel INFO: Operation completed successfully.
Dec 17 21:58:10 sshd INFO: Operation completed successfully.
Dec 17 21:58:05 nginx INFO: Operation completed successfully.
Dec 17 21:58:02 sshd INFO: Operation completed successfully.
Dec 17 21:57:54 sshd INFO: Operation completed successfully.
Dec 17 21:57:50 kernel INFO: Operation completed successfully.
Dec 17 21:57:49 sshd INFO: Operation completed successfully.
Dec 17 21:57:47 kernel INFO: Operation completed successfully.
Dec 17 21:57:37 sshd INFO: Operation completed successfully.
Dec 17 21:57:33 systemd INFO: Operation completed successfully.
Dec 17 21:57:24 nginx INFO: Operation completed successfully.
Dec 17 21:57:15 cron INFO: Operation completed successfully.
Dec 17 21:57:12 cron INFO: Operation completed successfully.
Dec 17 21:57:04 nginx INFO: Operation completed successfully.
Dec 17 21:56:55 cron INFO: Operation completed successfully.
Dec 17 21:56:54 kernel INFO: Operation completed successfully.
Dec 17 21:56:49 kernel INFO: Operation completed successfully.
Dec 17 21:56:46 cron INFO: Operation completed successfully.
Dec 17 21:56:37 systemd INFO: Operation completed successfully.
Dec 17 21:56:32 sshd INFO: Operation completed successfully.
Dec 17 21:56:29 cron INFO: Operation completed successfully.
Dec 17 21:56:24 nginx INFO: Operation completed successfully.
Dec 17 21:56:21 kernel INFO: Operation completed successfully.
Dec 17 21:56:12 nginx INFO: Operation completed successfully.
Dec 17 21:56:06 nginx INFO: Operation completed successfully.
Dec 17 21:56:01 sshd INFO: Operation completed successfully.
Dec 17 21:55:55 kernel INFO: Operation completed successfully.
Dec 17 21:55:50 sshd INFO: Operation completed successfully.
Dec 17 21:55:44 systemd INFO: Operation completed successfully.
Dec 17 21:55:39 nginx INFO: Operation completed successfully.
Dec 17 21:55:31 systemd INFO: Operation completed successfully.
Dec 17 21:55:21 cron INFO: Operation completed successfully.
Dec 17 21:55:17 systemd INFO: Operation completed successfully.
Dec 17 21:55:09 cron INFO: Operation completed successfully.
Dec 17 21:55:08 nginx INFO: Operation completed successfully.
Dec 17 21:55:05 systemd INFO: Operation completed successfully.
Dec 17 21:55:02 systemd INFO: Operation completed successfully.
Dec 17 21:54:58 cron INFO: Operation completed successfully.
Dec 17 21:54:57 systemd INFO: Operation completed successfully.
Dec 17 21:54:49 nginx INFO: Operation completed successfully.
Dec 17 21:54:48 sshd INFO: Operation completed successfully.
Dec 17 21:54:42 sshd INFO: Operation completed successfully.
Dec 17 21:54:32 sshd INFO: Operation completed successfully.
Dec 17 21:54:25 cron INFO: Operation completed successfully.
Dec 17 21:54:23 kernel INFO: Operation completed successfully.
Dec 17 21:54:17 sshd INFO: Operation completed successfully.
Dec 17 21:54:10 kernel INFO: Operation completed successfully.
Dec 17 21:54:05 sshd INFO: Operation completed successfully.
Dec 17 21:53:57 sshd INFO: Operation completed successfully.
Dec 17 21:53:49 systemd INFO: Operation completed successfully.
Dec 17 21:53:48 systemd INFO: Operation completed successfully.
Dec 17 21:53:45 systemd INFO: Operation completed successfully.
Dec 17 21:53:44 nginx INFO: Operation completed successfully.
Dec 17 21:53:38 sshd INFO: Operation completed successfully.
Dec 17 21:53:29 kernel INFO: Operation completed successfully.
Dec 17 21:53:27 systemd INFO: Operation completed successfully.
Dec 17 21:53:26 sshd INFO: Operation completed successfully.
Dec 17 21:53:23 sshd INFO: Operation completed successfully.
Dec 17 21:53:17 nginx INFO: Operation completed successfully.
Dec 17 21:53:16 sshd INFO: Operation completed successfully.
Dec 17 21:53:08 systemd INFO: Operation completed successfully.
Dec 17 21:53:01 sshd INFO: Operation completed successfully.
Dec 17 21:52:59 cron INFO: Operation completed successfully.
Dec 17 21:52:51 systemd INFO: Operation completed successfully.
Dec 17 21:52:42 nginx INFO: Operation completed successfully.
Dec 17 21:52:35 kernel INFO: Operation completed successfully.
Dec 17 21:52:28 kernel INFO: Operation completed successfully.
Dec 17 21:52:22 systemd INFO: Operation completed successfully.
Dec 17 21:52:19 cron INFO: Operation completed successfully.
Dec 17 21:52:14 sshd INFO: Operation completed successfully.
Dec 17 21:52:11 kernel INFO: Operation completed successfully.
Dec 17 21:52:08 systemd INFO: Operation completed successfully.
Dec 17 21:52:07 sshd INFO: Operation completed successfully.
Dec 17 21:52:00 sshd INFO: Operation completed successfully.
Dec 17 21:51:56 systemd INFO: Operation completed successfully.
Dec 17 21:51:53 cron INFO: Operation completed successfully.
Dec 17 21:51:51 cron INFO: Operation completed successfully.
Dec 17 21:51:45 systemd INFO: Operation completed successfully.
Dec 17 21:51:38 cron INFO: Operation completed successfully.
Dec 17 21:51:35 sshd INFO: Operation completed successfully.
Dec 17 21:51:25 sshd INFO: Operation completed successfully.
Dec 17 21:51:24 nginx INFO: Operation completed successfully.
Dec 17 21:51:22 cron INFO: Operation completed successfully.
Dec 17 21:51:16 nginx INFO: Operation completed successfully.
Dec 17 21:51:14 cron INFO: Operation completed successfully.
Dec 17 21:51:12 nginx INFO: Operation completed successfully.
Dec 17 21:51:04 cron INFO: Operation completed successfully.
Dec 17 21:51:03 systemd INFO: Operation completed successfully.
Dec 17 21:50:59 kernel INFO: Operation completed successfully.
Dec 17 21:50:57 systemd INFO: Operation completed successfully.
Dec 17 21:50:51 systemd INFO: Operation completed successfully.
Dec 17 21:50:44 nginx INFO: Operation completed successfully.
Dec 17 21:50:43 sshd INFO: Operation completed successfully.
Dec 17 21:50:36 kernel INFO: Operation completed successfully.
Dec 17 21:50:27 systemd INFO: Operation completed successfully.
Dec 17 21:50:19 kernel INFO: Operation completed successfully.
Dec 17 21:50:13 sshd INFO: Operation completed successfully.
Dec 17 21:50:07 sshd INFO: Operation completed successfully.
Dec 17 21:49:57 kernel INFO: Operation completed successfully.
Dec 17 21:49:48 kernel INFO: Operation completed successfully.
Dec 17 21:49:47 sshd INFO: Operation completed successfully.
Dec 17 21:49:40 nginx INFO: Operation completed successfully.
Dec 17 21:49:37 nginx INFO: Operation completed successfully.
Dec 17 21:49:31 nginx INFO: Operation completed successfully.
Dec 17 21:49:26 sshd INFO: Operation completed successfully.
Dec 17 21:49:17 nginx INFO: Operation completed successfully.
Dec 17 21:49:10 nginx INFO: Operation completed successfully.
Dec 17 21:49:06 kernel INFO: Operation completed successfully.
Dec 17 21:48:59 systemd INFO: Operation completed successfully.
Dec 17 21:48:56 sshd INFO: Operation completed successfully.
Dec 17 21:48:53 systemd INFO: Operation completed successfully.
Dec 17 21:48:47 sshd INFO: Operation completed successfully.
Dec 17 21:48:39 cron INFO: Operation completed successfully.
Dec 17 21:48:37 sshd INFO: Operation completed successfully.
Dec 17 21:48:35 sshd INFO: Operation completed successfully.
Dec 17 21:48:28 systemd INFO: Operation completed successfully.
Dec 17 21:48:19 systemd INFO: Operation completed successfully.
Dec 17 21:48:13 cron INFO: Operation completed successfully.
Dec 17 21:48:03 systemd INFO: Operation completed successfully.
Dec 17 21:48:01 cron INFO: Operation completed successfully.
Dec 17 21:48:00 kernel INFO: Operation completed successfully.
Dec 17 21:47:53 systemd INFO: Operation completed successfully.
Dec 17 21:47:49 nginx INFO: Operation completed successfully.
Dec 17 21:47:47 kernel INFO: Operation completed successfully.
Dec 17 21:47:42 cron INFO: Operation completed successfully.
Dec 17 21:47:41 nginx INFO: Operation completed successfully.
Dec 17 21:47:31 nginx INFO: Operation completed successfully.
Dec 17 21:47:23 nginx INFO: Operation completed successfully.
Dec 17 21:47:13 systemd INFO: Operation completed successfully.
Dec 17 21:47:11 sshd INFO: Operation completed successfully.
Dec 17 21:47:10 sshd INFO: Operation completed successfully.
Dec 17 21:47:09 sshd INFO: Operation completed successfully.
Dec 17 21:47:07 kernel INFO: Operation completed successfully.
Dec 17 21:46:59 systemd INFO: Operation completed successfully.
Dec 17 21:46:50 nginx INFO: Operation completed successfully.
Dec 17 21:46:42 systemd INFO: Operation completed successfully.
Dec 17 21:46:40 nginx INFO: Operation completed successfully.
Dec 17 21:46:32 systemd INFO: Operation completed successfully.
Dec 17 21:46:31 sshd INFO: Operation completed successfully.
Dec 17 21:46:21 nginx INFO: Operation completed successfully.
Dec 17 21:46:16 nginx INFO: Operation completed successfully.
Dec 17 21:46:13 kernel INFO: Operation completed successfully.
Dec 17 21:46:07 sshd INFO: Operation completed successfully.
Dec 17 21:46:02 nginx INFO: Operation completed successfully.
Dec 17 21:46:00 systemd INFO: Operation completed successfully.
Dec 17 21:45:57 cron INFO: Operation completed successfully.
Dec 17 21:45:51 cron INFO: Operation completed successfully.
Dec 17 21:45:42 sshd INFO: Operation completed successfully.
Dec 17 21:45:36 nginx INFO: Operation completed successfully.
Dec 17 21:45:30 kernel INFO: Operation completed successfully.
Dec 17 21:45:27 cron INFO: Operation completed successfully.
Dec 17 21:45:18 cron INFO: Operation completed successfully.
Dec 17 21:45:11 cron INFO: Operation completed successfully.
Dec 17 21:45:01 nginx INFO: Operation completed successfully.
Dec 17 21:44:52 kernel INFO: Operation completed successfully.
Dec 17 21:44:49 cron INFO: Operation completed successfully.
Dec 17 21:44:47 nginx INFO: Operation completed successfully.
Dec 17 21:44:45 nginx INFO: Operation completed successfully.
Dec 17 21:44:36 kernel INFO: Operation completed successfully.
Dec 17 21:44:26 kernel INFO: Operation completed successfully.
Dec 17 21:44:18 sshd INFO: Operation completed successfully.
Dec 17 21:44:13 nginx INFO: Operation completed successfully.
Dec 17 21:44:10 nginx INFO: Operation completed successfully.
Dec 17 21:44:07 sshd INFO: Operation completed successfully.
Dec 17 21:44:03 cron INFO: Operation completed successfully.
Dec 17 21:43:55 sshd INFO: Operation completed successfully.
Dec 17 21:43:53 nginx INFO: Operation completed successfully.
Dec 17 21:43:48 cron INFO: Operation completed successfully.
Dec 17 21:43:42 nginx INFO: Operation completed successfully.
Dec 17 21:43:39 systemd INFO: Operation completed successfully.
Dec 17 21:43:34 systemd INFO: Operation completed successfully.
Dec 17 21:43:29 nginx INFO: Operation completed successfully.
Dec 17 21:43:22 nginx INFO: Operation completed successfully.
Dec 17 21:43:12 sshd INFO: Operation completed successfully.
Dec 17 21:43:11 cron INFO: Operation completed successfully.
Dec 17 21:43:09 kernel INFO: Operation completed successfully.
Dec 17 21:43:00 systemd INFO: Operation completed successfully.
Dec 17 21:42:55 kernel INFO: Operation completed successfully.
Dec 17 21:42:53 nginx INFO: Operation completed successfully.
Dec 17 21:42:50 systemd INFO: Operation completed successfully.
Dec 17 21:42:46 systemd INFO: Operation completed successfully.
Dec 17 21:42:39 kernel INFO: Operation completed successfully.
Dec 17 21:42:29 cron INFO: Operation completed successfully.
Dec 17 21:42:28 cron INFO: Operation completed successfully.
Dec 17 21:42:24 nginx INFO: Operation completed successfully.
Dec 17 21:42:19 sshd INFO: Operation completed successfully.
Dec 17 21:42:15 kernel INFO: Operation completed successfully.
Dec 17 21:42:09 cron INFO: Operation completed successfully.
Dec 17 21:42:01 sshd INFO: Operation completed successfully.
Dec 17 21:41:53 systemd INFO: Operation completed successfully.
Dec 17 21:41:46 systemd INFO: Operation completed successfully.
Dec 17 21:41:40 sshd INFO: Operation completed successfully.
Dec 17 21:41:30 nginx INFO: Operation completed successfully.
Dec 17 21:41:28 kernel INFO: Operation completed successfully.
Dec 17 21:41:26 systemd INFO: Operation completed successfully.
Dec 17 21:41:16 nginx INFO: Operation completed successfully.
Dec 17 21:41:10 systemd INFO: Operation completed successfully.
Dec 17 21:41:07 nginx INFO: Operation completed successfully.
Dec 17 21:41:04 systemd INFO: Operation completed successfully.
Dec 17 21:41:02 sshd INFO: Operation completed successfully.
Dec 17 21:40:53 kernel INFO: Operation completed successfully.
Dec 17 21:40:50 sshd INFO: Operation completed successfully.
Dec 17 21:40:45 nginx INFO: Operation completed successfully.
Dec 17 21:40:39 sshd INFO: Operation completed successfully.
Dec 17 21:40:36 systemd INFO: Operation completed successfully.
Dec 17 21:40:32 kernel INFO: Operation completed successfully.
Dec 17 21:40:30 kernel INFO: Operation completed successfully.
Dec 17 21:40:21 sshd INFO: Operation completed successfully.
Dec 17 21:40:11 cron INFO: Operation completed successfully.
Dec 17 21:40:09 sshd INFO: Operation completed successfully.
Dec 17 21:40:03 systemd INFO: Operation completed successfully.
Dec 17 21:40:01 sshd INFO: Operation completed successfully.
Dec 17 21:39:52 kernel INFO: Operation completed successfully.
Dec 17 21:39:46 nginx INFO: Operation completed successfully.
Dec 17 21:39:41 cron INFO: Operation completed successfully.
Dec 17 21:39:39 cron INFO: Operation completed successfully.
Dec 17 21:39:35 nginx INFO: Operation completed successfully.
Dec 17 21:39:32 systemd INFO: Operation completed successfully.
Dec 17 21:39:25 sshd INFO: Operation completed successfully.
Dec 17 21:39:16 systemd INFO: Operation completed successfully.
Dec 17 21:39:11 systemd INFO: Operation completed successfully.
Dec 17 21:39:01 nginx INFO: Operation completed successfully.
Dec 17 21:38:53 kernel INFO: Operation completed successfully.
Dec 17 21:38:47 systemd INFO: Operation completed successfully.
Dec 17 21:38:39 sshd INFO: Operation completed successfully.
Dec 17 21:38:35 sshd INFO: Operation completed successfully.
Dec 17 21:38:25 cron INFO: Operation completed successfully.
Dec 17 21:38:21 systemd INFO: Operation completed successfully.
Dec 17 21:38:18 sshd INFO: Operation completed successfully.
Dec 17 21:38:09 nginx INFO: Operation completed successfully.
Dec 17 21:38:07 kernel INFO: Operation completed successfully.
Dec 17 21:38:05 sshd INFO: Operation completed successfully.
Dec 17 21:37:58 kernel INFO: Operation completed successfully.
Dec 17 21:37:54 kernel INFO: Operation completed successfully.
Dec 17 21:37:48 kernel INFO: Operation completed successfully.
Dec 17 21:37:42 sshd INFO: Operation completed successfully.
Dec 17 21:37:34 nginx INFO: Operation completed successfully.
Dec 17 21:37:27 systemd INFO: Operation completed successfully.
Dec 17 21:37:21 cron INFO: Operation completed successfully.
Dec 17 21:37:20 nginx INFO: Operation completed successfully.
Dec 17 21:37:11 cron INFO: Operation completed successfully.
Dec 17 21:37:08 sshd INFO: Operation completed successfully.
Dec 17 21:37:00 nginx INFO: Operation completed successfully.
Dec 17 21:36:51 nginx INFO: Operation completed successfully.
Dec 17 21:36:47 sshd INFO: Operation completed successfully.
Dec 17 21:36:37 sshd INFO: Operation completed successfully.
Dec 17 21:36:31 kernel INFO: Operation completed successfully.
Dec 17 21:36:24 nginx INFO: Operation completed successfully.
Dec 17 21:36:15 systemd INFO: Operation completed successfully.
Dec 17 21:36:12 kernel INFO: Operation completed successfully.
Dec 17 21:36:06 cron INFO: Operation completed successfully.
Dec 17 21:36:00 sshd INFO: Operation completed successfully.
Dec 17 21:35:51 systemd INFO: Operation completed successfully.
Dec 17 21:35:45 sshd INFO: Operation completed successfully.
Dec 17 21:35:38 systemd INFO: Operation completed successfully.
Dec 17 21:35:33 sshd INFO: Operation completed successfully.
Dec 17 21:35:28 nginx INFO: Operation completed successfully.
Dec 17 21:35:26 sshd INFO: Operation completed successfully.
Dec 17 21:35:17 cron INFO: Operation completed successfully.
Dec 17 21:35:16 systemd INFO: Operation completed successfully.
Dec 17 21:35:06 kernel INFO: Operation completed successfully.
Dec 17 21:34:59 nginx INFO: Operation completed successfully.
Dec 17 21:34:53 cron INFO: Operation completed successfully.
Dec 17 21:34:51 systemd INFO: Operation completed successfully.
Dec 17 21:34:44 cron INFO: Operation completed successfully.
Dec 17 21:34:39 cron INFO: Operation completed successfully.
Dec 17 21:34:37 systemd INFO: Operation completed successfully.
Dec 17 21:34:29 cron INFO: Operation completed successfully.
Dec 17 21:34:28 systemd INFO: Operation completed successfully.
Dec 17 21:34:22 cron INFO: Operation completed successfully.
Dec 17 21:34:17 sshd INFO: Operation completed successfully.
Dec 17 21:34:10 nginx INFO: Operation completed successfully.
Dec 17 21:34:03 nginx INFO: Operation completed successfully.
Dec 17 21:34:02 cron INFO: Operation completed successfully.
Dec 17 21:33:54 systemd INFO: Operation completed successfully.
Dec 17 21:33:50 cron INFO: Operation completed successfully.
Dec 17 21:33:48 kernel INFO: Operation completed successfully.
Dec 17 21:33:44 nginx INFO: Operation completed successfully.
Dec 17 21:33:43 kernel INFO: Operation completed successfully.
Dec 17 21:33:38 nginx INFO: Operation completed successfully.
Dec 17 21:33:34 nginx INFO: Operation completed successfully.
Dec 17 21:33:33 cron INFO: Operation completed successfully.
Dec 17 21:33:23 systemd INFO: Operation completed successfully.
Dec 17 21:33:19 nginx INFO: Operation completed successfully.
Dec 17 21:33:12 systemd INFO: Operation completed successfully.
Dec 17 21:33:02 nginx INFO: Operation completed successfully.
Dec 17 21:32:52 sshd INFO: Operation completed successfully.
Dec 17 21:32:51 systemd INFO: Operation completed successfully.
Dec 17 21:32:47 nginx INFO: Operation completed successfully.
Dec 17 21:32:38 sshd INFO: Operation completed successfully.
Dec 17 21:32:34 sshd INFO: Operation completed successfully.
Dec 17 21:32:32 cron INFO: Operation completed successfully.
Dec 17 21:32:30 systemd INFO: Operation completed successfully.
Dec 17 21:32:25 nginx INFO: Operation completed successfully.
Dec 17 21:32:22 nginx INFO: Operation completed successfully.
Dec 17 21:32:19 systemd INFO: Operation completed successfully.
Dec 17 21:32:17 cron INFO: Operation completed successfully.
Dec 17 21:32:12 sshd INFO: Operation completed successfully.
Dec 17 21:32:08 nginx INFO: Operation completed successfully.
Dec 17 21:32:05 nginx INFO: Operation completed successfully.
Dec 17 21:31:58 cron INFO: Operation completed successfully.
Dec 17 21:31:51 cron INFO: Operation completed successfully.
Dec 17 21:31:46 sshd INFO: Operation completed successfully.
Dec 17 21:31:41 kernel INFO: Operation completed successfully.
Dec 17 21:31:31 sshd INFO: Operation completed successfully.
Dec 17 21:31:24 sshd INFO: Operation completed successfully.
Dec 17 21:31:20 cron INFO: Operation completed successfully.
Dec 17 21:31:18 systemd INFO: Operation completed successfully.
Dec 17 21:31:08 kernel INFO: Operation completed successfully.
Dec 17 21:31:03 cron INFO: Operation completed successfully.
Dec 17 21:30:58 systemd INFO: Operation completed successfully.
Dec 17 21:30:48 systemd INFO: Operation completed successfully.
Dec 17 21:30:42 cron INFO: Operation completed successfully.
Dec 17 21:30:41 nginx INFO: Operation completed successfully.
Dec 17 21:30:31 sshd INFO: Operation completed successfully.
Dec 17 21:30:21 cron INFO: Operation completed successfully.
Dec 17 21:30:11 nginx INFO: Operation completed successfully.
Dec 17 21:30:04 sshd INFO: Operation completed successfully.
Dec 17 21:29:58 nginx INFO: Operation completed successfully.
Dec 17 21:29:49 nginx INFO: Operation completed successfully.
Dec 17 21:29:39 sshd INFO: Operation completed successfully.
Dec 17 21:29:38 systemd INFO: Operation completed successfully.
Dec 17 21:29:32 cron INFO: Operation completed successfully.
Dec 17 21:29:29 nginx INFO: Operation completed successfully.
Dec 17 21:29:25 cron INFO: Operation completed successfully.
Dec 17 21:29:15 sshd INFO: Operation completed successfully.
Dec 17 21:29:06 nginx INFO: Operation completed successfully.
Dec 17 21:28:56 kernel INFO: Operation completed successfully.
Dec 17 21:28:51 nginx INFO: Operation completed successfully.
Dec 17 21:28:45 kernel INFO: Operation completed successfully.
Dec 17 21:28:42 cron INFO: Operation completed successfully.
Dec 17 21:28:33 nginx INFO: Operation completed successfully.
Dec 17 21:28:27 systemd INFO: Operation completed successfully.
Dec 17 21:28:19 sshd INFO: Operation completed successfully.
Dec 17 21:28:12 systemd INFO: Operation completed successfully.
Dec 17 21:28:05 sshd INFO: Operation completed successfully.
Dec 17 21:28:04 kernel INFO: Operation completed successfully.
Dec 17 21:28:01 kernel INFO: Operation completed successfully.
Dec 17 21:27:52 kernel INFO: Operation completed successfully.
Dec 17 21:27:50 nginx INFO: Operation completed successfully.
Dec 17 21:27:47 systemd INFO: Operation completed successfully.
Dec 17 21:27:39 cron INFO: Operation completed successfully.
Dec 17 21:27:34 cron INFO: Operation completed successfully.
Dec 17 21:27:24 cron INFO: Operation completed successfully.
Dec 17 21:27:19 systemd INFO: Operation completed successfully.
Dec 17 21:27:10 nginx INFO: Operation completed successfully.
Dec 17 21:27:05 sshd INFO: Operation completed successfully.
Dec 17 21:26:58 sshd INFO: Operation completed successfully.
Dec 17 21:26:55 systemd INFO: Operation completed successfully.
Dec 17 21:26:54 systemd INFO: Operation completed successfully.
Dec 17 21:26:46 nginx INFO: Operation completed successfully.
Dec 17 21:26:37 cron INFO: Operation completed successfully.
Dec 17 21:26:35 cron INFO: Operation completed successfully.
Dec 17 21:26:33 cron INFO: Operation completed successfully.
Dec 17 21:26:27 systemd INFO: Operation completed successfully.
Dec 17 21:26:25 systemd INFO: Operation completed successfully.
Dec 17 21:26:23 cron INFO: Operation completed successfully.
Dec 17 21:26:14 kernel INFO: Operation completed successfully.
Dec 17 21:26:06 cron INFO: Operation completed successfully.
Dec 17 21:26:01 nginx INFO: Operation completed successfully.
Dec 17 21:25:56 nginx INFO: Operation completed successfully.
Dec 17 21:25:48 systemd INFO: Operation completed successfully.
Dec 17 21:25:47 kernel INFO: Operation completed successfully.
Dec 17 21:25:46 sshd INFO: Operation completed successfully.
Dec 17 21:25:38 systemd INFO: Operation completed successfully.
Dec 17 21:25:33 cron INFO: Operation completed successfully.
Dec 17 21:25:26 sshd INFO: Operation completed successfully.
Dec 17 21:25:22 cron INFO: Operation completed successfully.
Dec 17 21:25:20 systemd INFO: Operation completed successfully.
Dec 17 21:25:16 nginx INFO: Operation completed successfully.
Dec 17 21:25:08 kernel INFO: Operation completed successfully.
Dec 17 21:25:06 cron INFO: Operation completed successfully.
Dec 17 21:25:02 kernel INFO: Operation completed successfully.
Dec 17 21:24:56 nginx INFO: Operation completed successfully.
Dec 17 21:24:50 sshd INFO: Operation completed successfully.
Dec 17 21:24:47 nginx INFO: Operation completed successfully.
Dec 17 21:24:46 cron INFO: Operation completed successfully.
Dec 17 21:24:41 cron INFO: Operation completed successfully.
Dec 17 21:24:32 nginx INFO: Operation completed successfully.
Dec 17 21:24:27 kernel INFO: Operation completed successfully.
Dec 17 21:24:24 cron INFO: Operation completed successfully.
Dec 17 21:24:15 sshd INFO: Operation completed successfully.
Dec 17 21:24:09 cron INFO: Operation completed successfully.
Dec 17 21:24:02 sshd INFO: Operation completed successfully.
Dec 17 21:23:56 sshd INFO: Operation completed successfully.
Dec 17 21:23:49 sshd INFO: Operation completed successfully.
Dec 17 21:23:40 nginx INFO: Operation completed successfully.
Dec 17 21:23:36 cron INFO: Operation completed successfully.
Dec 17 21:23:32 nginx INFO: Operation completed successfully.
Dec 17 21:23:24 kernel INFO: Operation completed successfully.
Dec 17 21:23:23 systemd INFO: Operation completed successfully.
Dec 17 21:23:16 kernel INFO: Operation completed successfully.
Dec 17 21:23:13 cron INFO: Operation completed successfully.
Dec 17 21:23:10 kernel INFO: Operation completed successfully.
Dec 17 21:23:04 systemd INFO: Operation completed successfully.
Dec 17 21:22:56 kernel INFO: Operation completed successfully.
Dec 17 21:22:53 cron INFO: Operation completed successfully.
Dec 17 21:22:49 systemd INFO: Operation completed successfully.
Dec 17 21:22:40 kernel INFO: Operation completed successfully.
Dec 17 21:22:33 cron INFO: Operation completed successfully.
Dec 17 21:22:29 nginx INFO: Operation completed successfully.
Dec 17 21:22:26 cron INFO: Operation completed successfully.
Dec 17 21:22:17 systemd INFO: Operation completed successfully.
Dec 17 21:22:15 sshd INFO: Operation completed successfully.
Dec 17 21:22:06 nginx INFO: Operation completed successfully.
Dec 17 21:22:01 cron INFO: Operation completed successfully.
Dec 17 21:21:51 nginx INFO: Operation completed successfully.
Dec 17 21:21:41 sshd INFO: Operation completed successfully.
Dec 17 21:21:31 nginx INFO: Operation completed successfully.
Dec 17 21:21:27 cron INFO: Operation completed successfully.
Dec 17 21:21:20 kernel INFO: Operation completed successfully.
Dec 17 21:21:14 systemd INFO: Operation completed successfully.
Dec 17 21:21:12 kernel INFO: Operation completed successfully.
Dec 17 21:21:05 sshd INFO: Operation completed successfully.
Dec 17 21:21:03 cron INFO: Operation completed successfully.
Dec 17 21:20:57 nginx INFO: Operation completed successfully.
Dec 17 21:20:53 systemd INFO: Operation completed successfully.
Dec 17 21:20:43 nginx INFO: Operation completed successfully.
Dec 17 21:20:34 sshd INFO: Operation completed successfully.
Dec 17 21:20:33 cron INFO: Operation completed successfully.
Dec 17 21:20:28 kernel INFO: Operation completed successfully.
Dec 17 21:20:19 nginx INFO: Operation completed successfully.
Dec 17 21:20:17 nginx INFO: Operation completed successfully.
Dec 17 21:20:09 kernel INFO: Operation completed successfully.
Dec 17 21:20:08 cron INFO: Operation completed successfully.
Dec 17 21:20:02 systemd INFO: Operation completed successfully.
Dec 17 21:19:55 kernel INFO: Operation completed successfully.
Dec 17 21:19:48 kernel INFO: Operation completed successfully.
Dec 17 21:19:42 nginx INFO: Operation completed successfully.
Dec 17 21:19:34 cron INFO: Operation completed successfully.
Dec 17 21:19:26 nginx INFO: Operation completed successfully.
Dec 17 21:19:20 cron INFO: Operation completed successfully.
Dec 17 21:19:13 nginx INFO: Operation completed successfully.
Dec 17 21:19:08 kernel INFO: Operation completed successfully.
Dec 17 21:18:58 sshd INFO: Operation completed successfully.
Dec 17 21:18:51 kernel INFO: Operation completed successfully.
Dec 17 21:18:47 systemd INFO: Operation completed successfully.
Dec 17 21:18:41 sshd INFO: Operation completed successfully.
Dec 17 21:18:36 nginx INFO: Operation completed successfully.
Dec 17 21:18:26 sshd INFO: Operation completed successfully.
Dec 17 21:18:16 systemd INFO: Operation completed successfully.
Dec 17 21:18:13 nginx INFO: Operation completed successfully.
Dec 17 21:18:08 sshd INFO: Operation completed successfully.
Dec 17 21:18:00 kernel INFO: Operation completed successfully.
Dec 17 21:17:53 nginx INFO: Operation completed successfully.
Dec 17 21:17:51 sshd INFO: Operation completed successfully.
Dec 17 21:17:43 kernel INFO: Operation completed successfully.
Dec 17 21:17:36 sshd INFO: Operation completed successfully.
Dec 17 21:17:26 cron INFO: Operation completed successfully.
Dec 17 21:17:23 kernel INFO: Operation completed successfully.
Dec 17 21:17:19 kernel INFO: Operation completed successfully.
Dec 17 21:17:10 kernel INFO: Operation completed successfully.
Dec 17 21:17:05 systemd INFO: Operation completed successfully.
Dec 17 21:17:01 nginx INFO: Operation completed successfully.
Dec 17 21:16:51 cron INFO: Operation completed successfully.
Dec 17 21:16:44 kernel INFO: Operation completed successfully.
Dec 17 21:16:36 cron INFO: Operation completed successfully.
Dec 17 21:16:29 systemd INFO: Operation completed successfully.
Dec 17 21:16:24 cron INFO: Operation completed successfully.
Dec 17 21:16:17 systemd INFO: Operation completed successfully.
Dec 17 21:16:10 systemd INFO: Operation completed successfully.
Dec 17 21:16:07 nginx INFO: Operation completed successfully.
Dec 17 21:15:58 sshd INFO: Operation completed successfully.
Dec 17 21:15:51 nginx INFO: Operation completed successfully.
Dec 17 21:15:48 kernel INFO: Operation completed successfully.
Dec 17 21:15:42 sshd INFO: Operation completed successfully.
Dec 17 21:15:32 sshd INFO: Operation completed successfully.
Dec 17 21:15:22 sshd INFO: Operation completed successfully.
Dec 17 21:15:17 kernel INFO: Operation completed successfully.
Dec 17 21:15:09 nginx INFO: Operation completed successfully.
Dec 17 21:15:08 nginx INFO: Operation completed successfully.
Dec 17 21:14:58 sshd INFO: Operation completed successfully.
Dec 17 21:14:51 kernel INFO: Operation completed successfully.
Dec 17 21:14:47 kernel INFO: Operation completed successfully.
Dec 17 21:14:38 systemd INFO: Operation completed successfully.
Dec 17 21:14:29 sshd INFO: Operation completed successfully.
Dec 17 21:14:27 systemd INFO: Operation completed successfully.
Dec 17 21:14:18 cron INFO: Operation completed successfully.
Dec 17 21:14:08 kernel INFO: Operation completed successfully.
Dec 17 21:13:59 cron INFO: Operation completed successfully.
Dec 17 21:13:49 systemd INFO: Operation completed successfully.
Dec 17 21:13:39 nginx INFO: Operation completed successfully.
Dec 17 21:13:31 sshd INFO: Operation completed successfully.
Dec 17 21:13:29 systemd INFO: Operation completed successfully.
Dec 17 21:13:25 sshd INFO: Operation completed successfully.
Dec 17 21:13:23 kernel INFO: Operation completed successfully.
Dec 17 21:13:19 sshd INFO: Operation completed successfully.
Dec 17 21:13:15 sshd INFO: Operation completed successfully.
Dec 17 21:13:12 systemd INFO: Operation completed successfully.
Dec 17 21:13:09 systemd INFO: Operation completed successfully.
Dec 17 21:13:06 nginx INFO: Operation completed successfully.
Dec 17 21:12:57 cron INFO: Operation completed successfully.
Dec 17 21:12:50 nginx INFO: Operation completed successfully.
Dec 17 21:12:43 systemd INFO: Operation completed successfully.
Dec 17 21:12:34 systemd INFO: Operation completed successfully.
Dec 17 21:12:29 cron INFO: Operation completed successfully.
Dec 17 21:12:23 nginx INFO: Operation completed successfully.
Dec 17 21:12:14 systemd INFO: Operation completed successfully.
Dec 17 21:12:09 cron INFO: Operation completed successfully.
Dec 17 21:12:02 sshd INFO: Operation completed successfully.
Dec 17 21:11:59 sshd INFO: Operation completed successfully.
Dec 17 21:11:49 nginx INFO: Operation completed successfully.
Dec 17 21:11:48 nginx INFO: Operation completed successfully.
Dec 17 21:11:47 systemd INFO: Operation completed successfully.
Dec 17 21:11:44 cron INFO: Operation completed successfully.
Dec 17 21:11:43 nginx INFO: Operation completed successfully.
Dec 17 21:11:37 nginx INFO: Operation completed successfully.
Dec 17 21:11:36 nginx INFO: Operation completed successfully.
Dec 17 21:11:29 nginx INFO: Operation completed successfully.
Dec 17 21:11:28 nginx INFO: Operation completed successfully.
Dec 17 21:11:24 nginx INFO: Operation completed successfully.
Dec 17 21:11:19 systemd INFO: Operation completed successfully.
Dec 17 21:11:17 cron INFO: Operation completed successfully.
Dec 17 21:11:12 nginx INFO: Operation completed successfully.
Dec 17 21:11:02 sshd INFO: Operation completed successfully.
Dec 17 21:10:53 kernel INFO: Operation completed successfully.
Dec 17 21:10:47 systemd INFO: Operation completed successfully.
Dec 17 21:10:38 cron INFO: Operation completed successfully.
Dec 17 21:10:31 nginx INFO: Operation completed successfully.
Dec 17 21:10:26 cron INFO: Operation completed successfully.
Dec 17 21:10:16 kernel INFO: Operation completed successfully.
Dec 17 21:10:10 cron INFO: Operation completed successfully.
Dec 17 21:10:04 systemd INFO: Operation completed successfully.
Dec 17 21:09:59 nginx INFO: Operation completed successfully.
Dec 17 21:09:50 cron INFO: Operation completed successfully.
Dec 17 21:09:44 cron INFO: Operation completed successfully.
Dec 17 21:09:39 cron INFO: Operation completed successfully.
Dec 17 21:09:30 sshd INFO: Operation completed successfully.
Dec 17 21:09:29 kernel INFO: Operation completed successfully.
Dec 17 21:09:23 systemd INFO: Operation completed successfully.
Dec 17 21:09:19 systemd INFO: Operation completed successfully.
Dec 17 21:09:09 cron INFO: Operation completed successfully.
Dec 17 21:09:04 cron INFO: Operation completed successfully.
Dec 17 21:09:03 kernel INFO: Operation completed successfully.
Dec 17 21:08:57 nginx INFO: Operation completed successfully.
Dec 17 21:08:55 sshd INFO: Operation completed successfully.
Dec 17 21:08:45 systemd INFO: Operation completed successfully.
Dec 17 21:08:42 kernel INFO: Operation completed successfully.
Dec 17 21:08:38 nginx INFO: Operation completed successfully.
Dec 17 21:08:33 systemd INFO: Operation completed successfully.
Dec 17 21:08:26 kernel INFO: Operation completed successfully.
Dec 17 21:08:24 nginx INFO: Operation completed successfully.
Dec 17 21:08:19 systemd INFO: Operation completed successfully.
Dec 17 21:08:12 systemd INFO: Operation completed successfully.
Dec 17 21:08:10 systemd INFO: Operation completed successfully.
Dec 17 21:08:05 cron INFO: Operation completed successfully.
Dec 17 21:08:03 systemd INFO: Operation completed successfully.
Dec 17 21:08:02 sshd INFO: Operation completed successfully.
Dec 17 21:07:58 kernel INFO: Operation completed successfully.
Dec 17 21:07:54 kernel INFO: Operation completed successfully.
Dec 17 21:07:50 systemd INFO: Operation completed successfully.
Dec 17 21:07:45 systemd INFO: Operation completed successfully.
Dec 17 21:07:44 kernel INFO: Operation completed successfully.
Dec 17 21:07:35 nginx INFO: Operation completed successfully.
Dec 17 21:07:26 nginx INFO: Operation completed successfully.
Dec 17 21:07:24 sshd INFO: Operation completed successfully.
Dec 17 21:07:20 nginx INFO: Operation completed successfully.
Dec 17 21:07:19 kernel INFO: Operation completed successfully.
Dec 17 21:07:09 systemd INFO: Operation completed successfully.
Dec 17 21:07:04 systemd INFO: Operation completed successfully.
Dec 17 21:07:01 cron INFO: Operation completed successfully.
Dec 17 21:06:51 sshd INFO: Operation completed successfully.
Dec 17 21:06:47 cron INFO: Operation completed successfully.
Dec 17 21:06:38 systemd INFO: Operation completed successfully.
Dec 17 21:06:28 nginx INFO: Operation completed successfully.
Dec 17 21:06:22 cron INFO: Operation completed successfully.
Dec 17 21:06:17 cron INFO: Operation completed successfully.
Dec 17 21:06:13 cron INFO: Operation completed successfully.
Dec 17 21:06:03 nginx INFO: Operation completed successfully.
Dec 17 21:06:02 cron INFO: Operation completed successfully.
Dec 17 21:05:57 nginx INFO: Operation completed successfully.
Dec 17 21:05:48 systemd INFO: Operation completed successfully.
Dec 17 21:05:46 sshd INFO: Operation completed successfully.
Dec 17 21:05:36 nginx INFO: Operation completed successfully.
Dec 17 21:05:31 nginx INFO: Operation completed successfully.
Dec 17 21:05:29 systemd INFO: Operation completed successfully.
Dec 17 21:05:28 cron INFO: Operation completed successfully.
Dec 17 21:05:20 cron INFO: Operation completed successfully.
Dec 17 21:05:11 nginx INFO: Operation completed successfully.
Dec 17 21:05:01 cron INFO: Operation completed successfully.
Dec 17 21:04:52 systemd INFO: Operation completed successfully.
Dec 17 21:04:48 systemd INFO: Operation completed successfully.
Dec 17 21:04:45 systemd INFO: Operation completed successfully.
Dec 17 21:04:44 nginx INFO: Operation completed successfully.
Dec 17 21:04:35 cron INFO: Operation completed successfully.
Dec 17 21:04:26 nginx INFO: Operation completed successfully.
Dec 17 21:04:17 cron INFO: Operation completed successfully.
Dec 17 21:04:11 systemd INFO: Operation completed successfully.
Dec 17 21:04:04 systemd INFO: Operation completed successfully.
Dec 17 21:04:00 cron INFO: Operation completed successfully.
Dec 17 21:03:50 kernel INFO: Operation completed successfully.
Dec 17 21:03:41 cron INFO: Operation completed successfully.
Dec 17 21:03:40 systemd INFO: Operation completed successfully.
Dec 17 21:03:35 kernel INFO: Operation completed successfully.
Dec 17 21:03:33 kernel INFO: Operation completed successfully.
Dec 17 21:03:31 systemd INFO: Operation completed successfully.
Dec 17 21:03:22 nginx INFO: Operation completed successfully.
Dec 17 21:03:16 sshd INFO: Operation completed successfully.
Dec 17 21:03:12 kernel INFO: Operation completed successfully.
Dec 17 21:03:07 systemd INFO: Operation completed successfully.
Dec 17 21:03:06 cron INFO: Operation completed successfully.
Dec 17 21:03:02 cron INFO: Operation completed successfully.
Dec 17 21:02:53 kernel INFO: Operation completed successfully.
Dec 17 21:02:44 systemd INFO: Operation completed successfully.
Dec 17 21:02:37 systemd INFO: Operation completed successfully.
Dec 17 21:02:27 nginx INFO: Operation completed successfully.
Dec 17 21:02:26 cron INFO: Operation completed successfully.
Dec 17 21:02:17 systemd INFO: Operation completed successfully.
Dec 17 21:02:09 cron INFO: Operation completed successfully.
Dec 17 21:02:07 kernel INFO: Operation completed successfully.
Dec 17 21:02:00 cron INFO: Operation completed successfully.
Dec 17 21:01:51 systemd INFO: Operation completed successfully.
Dec 17 21:01:41 nginx INFO: Operation completed successfully.
Dec 17 21:01:31 sshd INFO: Operation completed successfully.
Dec 17 21:01:30 nginx INFO: Operation completed successfully.
Dec 17 21:01:26 sshd INFO: Operation completed successfully.
Dec 17 21:01:22 systemd INFO: Operation completed successfully.
Dec 17 21:01:17 cron INFO: Operation completed successfully.
Dec 17 21:01:11 sshd INFO: Operation completed successfully.
Dec 17 21:01:04 systemd INFO: Operation completed successfully.
Dec 17 21:01:01 kernel INFO: Operation completed successfully.
Dec 17 21:00:54 nginx INFO: Operation completed successfully.
Dec 17 21:00:47 systemd INFO: Operation completed successfully.
Dec 17 21:00:37 nginx INFO: Operation completed successfully.
Dec 17 21:00:35 nginx INFO: Operation completed successfully.
Dec 17 21:00:27 kernel INFO: Operation completed successfully.
Dec 17 21:00:26 cron INFO: Operation completed successfully.
Dec 17 21:00:17 nginx INFO: Operation completed successfully.
Dec 17 21:00:09 nginx INFO: Operation completed successfully.
Dec 17 21:00:02 nginx INFO: Operation completed successfully.
Dec 17 21:00:00 systemd INFO: Operation completed successfully.
Dec 17 20:59:52 cron INFO: Operation completed successfully.
Dec 17 20:59:42 kernel INFO: Operation completed successfully.
Dec 17 20:59:39 sshd INFO: Operation completed successfully.
Dec 17 20:59:38 kernel INFO: Operation completed successfully.
Dec 17 20:59:34 sshd INFO: Operation completed successfully.
Dec 17 20:59:25 systemd INFO: Operation completed successfully.
Dec 17 20:59:22 sshd INFO: Operation completed successfully.
Dec 17 20:59:21 kernel INFO: Operation completed successfully.
Dec 17 20:59:20 sshd INFO: Operation completed successfully.
Dec 17 20:59:15 kernel INFO: Operation completed successfully.
Dec 17 20:59:07 systemd INFO: Operation completed successfully.
Dec 17 20:59:02 sshd INFO: Operation completed successfully.
Dec 17 20:58:54 sshd INFO: Operation completed successfully.
Dec 17 20:58:49 nginx INFO: Operation completed successfully.
Dec 17 20:58:41 systemd INFO: Operation completed successfully.
Dec 17 20:58:40 cron INFO: Operation completed successfully.
Dec 17 20:58:39 sshd INFO: Operation completed successfully.
Dec 17 20:58:35 systemd INFO: Operation completed successfully.
Dec 17 20:58:32 kernel INFO: Operation completed successfully.
Dec 17 20:58:31 kernel INFO: Operation completed successfully.
Dec 17 20:58:26 kernel INFO: Operation completed successfully.
Dec 17 20:58:25 nginx INFO: Operation completed successfully.
Dec 17 20:58:17 sshd INFO: Operation completed successfully.
Dec 17 20:58:07 nginx INFO: Operation completed successfully.
Dec 17 20:58:06 nginx INFO: Operation completed successfully.
Dec 17 20:57:57 nginx INFO: Operation completed successfully.
Dec 17 20:57:51 cron INFO: Operation completed successfully.
Dec 17 20:57:50 systemd INFO: Operation completed successfully.
Dec 17 20:57:44 systemd INFO: Operation completed successfully.
Dec 17 20:57:42 systemd INFO: Operation completed successfully.
Dec 17 20:57:38 sshd INFO: Operation completed successfully.
Dec 17 20:57:35 systemd INFO: Operation completed successfully.
Dec 17 20:57:26 sshd INFO: Operation completed successfully.
Dec 17 20:57:16 nginx INFO: Operation completed successfully.
Dec 17 20:57:09 sshd INFO: Operation completed successfully.
Dec 17 20:57:04 systemd INFO: Operation completed successfully.
Dec 17 20:56:55 systemd INFO: Operation completed successfully.
Dec 17 20:56:45 sshd ERROR: Started service successfully.
Dec 17 20:56:40 systemd WARN: Started service successfully.
Dec 17 20:56:34 sshd INFO: Scheduled task executed.
Dec 17 20:56:25 cron WARN: User login successful.
Dec 17 20:56:24 nginx INFO: Scheduled task executed.
Dec 17 20:56:17 systemd WARN: Stopped service due to maintenance.
Dec 17 20:56:13 kernel WARN: User login successful.
Dec 17 20:56:06 cron WARN: Connection closed by remote host.
Dec 17 20:56:03 sshd DEBUG: Scheduled task executed.
Dec 17 20:55:55 cron DEBUG: Connection closed by remote host.
Dec 17 20:55:47 kernel WARN: User login successful.
Dec 17 20:55:43 kernel INFO: User login successful.
Dec 17 20:55:37 cron DEBUG: Stopped service due to maintenance.
Dec 17 20:55:27 sshd ERROR: Scheduled task executed.
Dec 17 20:55:22 kernel ERROR: Scheduled task executed.
Dec 17 20:55:13 sshd DEBUG: Scheduled task executed.
Dec 17 20:55:10 sshd WARN: Stopped service due to maintenance.
Dec 17 20:55:01 nginx DEBUG: User login successful.
Dec 17 20:54:53 nginx INFO: Stopped service due to maintenance.
Dec 17 20:54:43 cron DEBUG: User login successful.
Dec 17 20:54:36 sshd ERROR: Connection closed by remote host.
Dec 17 20:54:30 cron WARN: User login successful.
Dec 17 20:54:29 nginx WARN: Stopped service due to maintenance.
Dec 17 20:54:27 cron ERROR: Started service successfully.
Dec 17 20:54:25 kernel ERROR: Connection closed by remote host.
Dec 17 20:54:24 sshd ERROR: Stopped service due to maintenance.
Dec 17 20:54:22 cron DEBUG: Connection closed by remote host.
Dec 17 20:54:16 systemd ERROR: Stopped service due to maintenance.
Dec 17 20:54:08 cron ERROR: Scheduled task executed.
Dec 17 20:54:03 cron INFO: User login successful.
Dec 17 20:53:53 cron INFO: Stopped service due to maintenance.
Dec 17 20:53:44 systemd INFO: Started service successfully.
Dec 17 20:53:37 kernel DEBUG: Stopped service due to maintenance.
Dec 17 20:53:33 kernel WARN: Stopped service due to maintenance.
Dec 17 20:53:26 systemd WARN: Connection closed by remote host.
Dec 17 20:53:23 cron DEBUG: Stopped service due to maintenance.
Dec 17 20:53:13 kernel WARN: Scheduled task executed.
Dec 17 20:53:07 cron ERROR: Scheduled task executed.
Dec 17 20:53:01 systemd WARN: Started service successfully.
Dec 17 20:52:58 nginx ERROR: Scheduled task executed.
Dec 17 20:52:54 cron DEBUG: Started service successfully.
Dec 17 20:52:47 kernel DEBUG: Connection closed by remote host.
Dec 17 20:52:46 systemd DEBUG: Stopped service due to maintenance.
Dec 17 20:52:41 systemd INFO: Stopped service due to maintenance.
Dec 17 20:52:33 nginx WARN: Started service successfully.
Dec 17 20:52:29 sshd WARN: Scheduled task executed.
Dec 17 20:52:25 systemd DEBUG: User login successful.
Dec 17 20:52:24 sshd DEBUG: Scheduled task executed.
Dec 17 20:52:18 kernel INFO: Started service successfully.
Dec 17 20:52:12 kernel WARN: Connection closed by remote host.
Dec 17 20:52:04 nginx DEBUG: User login successful.
Dec 17 20:51:58 nginx ERROR: User login successful.
Dec 17 20:51:48 kernel DEBUG: User login successful.
Dec 17 20:51:47 sshd ERROR: Stopped service due to maintenance.
Dec 17 20:51:43 nginx WARN: Stopped service due to maintenance.
Dec 17 20:51:34 nginx ERROR: Scheduled task executed.
Dec 17 20:51:29 cron ERROR: Connection closed by remote host.
Dec 17 20:51:26 sshd DEBUG: Started service successfully.
Dec 17 20:51:20 cron DEBUG: Stopped service due to maintenance.
Dec 17 20:51:12 sshd ERROR: Scheduled task executed.
Dec 17 20:51:04 cron WARN: Connection closed by remote host.
Dec 17 20:50:54 sshd DEBUG: Started service successfully.
Dec 17 20:50:53 systemd DEBUG: Connection closed by remote host.
Dec 17 20:50:43 nginx INFO: Started service successfully.
Dec 17 20:50:37 sshd WARN: Stopped service due to maintenance.
Dec 17 20:50:28 nginx DEBUG: Started service successfully.
Dec 17 20:50:23 systemd ERROR: Stopped service due to maintenance.
Dec 17 20:50:18 sshd INFO: Started service successfully.
Dec 17 20:50:13 kernel DEBUG: Started service successfully.
Dec 17 20:50:11 cron DEBUG: Stopped service due to maintenance.
Dec 17 20:50:04 cron INFO: Started service successfully.
Dec 17 20:49:58 kernel DEBUG: Connection closed by remote host.
Dec 17 20:49:57 sshd ERROR: Stopped service due to maintenance.
Dec 17 20:49:56 sshd INFO: Stopped service due to maintenance.
Dec 17 20:49:55 systemd INFO: Scheduled task executed.
Dec 17 20:49:53 systemd DEBUG: User login successful.
Dec 17 20:49:51 nginx INFO: Stopped service due to maintenance.
Dec 17 20:49:47 kernel DEBUG: Stopped service due to maintenance.
Dec 17 20:49:42 cron INFO: Stopped service due to maintenance.
Dec 17 20:49:33 cron INFO: Stopped service due to maintenance.
Dec 17 20:49:23 sshd INFO: Started service successfully.
Dec 17 20:49:20 nginx WARN: Scheduled task executed.
Dec 17 20:49:13 sshd DEBUG: Scheduled task executed.
Dec 17 20:49:12 sshd DEBUG: Stopped service due to maintenance.
Dec 17 20:49:02 cron WARN: Scheduled task executed.
Dec 17 20:48:52 cron DEBUG: Stopped service due to maintenance.
Dec 17 20:48:49 sshd ERROR: Stopped service due to maintenance.
Dec 17 20:48:42 nginx WARN: Connection closed by remote host.
Dec 17 20:48:38 sshd WARN: Started service successfully.
Dec 17 20:48:30 cron WARN: Stopped service due to maintenance.
Dec 17 20:48:22 systemd INFO: Scheduled task executed.
Dec 17 20:48:18 sshd ERROR: Connection closed by remote host.
Dec 17 20:48:15 kernel WARN: Scheduled task executed.
Dec 17 20:48:14 systemd WARN: Stopped service due to maintenance.
Dec 17 20:48:07 sshd WARN: User login successful.
Dec 17 20:48:01 sshd WARN: Scheduled task executed.
Dec 17 20:47:55 sshd WARN: Connection closed by remote host.
Dec 17 20:47:54 systemd ERROR: Stopped service due to maintenance.
Dec 17 20:47:52 cron INFO: User login successful.
Dec 17 20:47:49 systemd ERROR: User login successful.
Dec 17 20:47:46 cron INFO: Scheduled task executed.
Dec 17 20:47:37 nginx INFO: Scheduled task executed.
Dec 17 20:47:31 sshd WARN: Connection closed by remote host.
Dec 17 20:47:24 nginx ERROR: Stopped service due to maintenance.
Dec 17 20:47:17 cron DEBUG: Connection closed by remote host.
Dec 17 20:47:13 sshd INFO: Scheduled task executed.
Dec 17 20:47:08 kernel DEBUG: Connection closed by remote host.
Dec 17 20:46:58 cron DEBUG: Stopped service due to maintenance.
Dec 17 20:46:54 cron INFO: Started service successfully.
Dec 17 20:46:48 sshd WARN: Stopped service due to maintenance.
Dec 17 20:46:41 cron ERROR: Connection closed by remote host.
Dec 17 20:46:34 sshd DEBUG: Scheduled task executed.
Dec 17 20:46:31 cron DEBUG: Started service successfully.
Dec 17 20:46:30 sshd DEBUG: User login successful.
Dec 17 20:46:26 nginx INFO: Connection closed by remote host.
Dec 17 20:46:17 cron WARN: Started service successfully.
Dec 17 20:46:10 kernel DEBUG: Connection closed by remote host.
Dec 17 20:46:00 sshd ERROR: Scheduled task executed.
Dec 17 20:45:53 cron DEBUG: User login successful.
Dec 17 20:45:43 sshd WARN: Stopped service due to maintenance.
Dec 17 20:45:36 cron ERROR: User login successful.
Dec 17 20:45:32 nginx INFO: Stopped service due to maintenance.
Dec 17 20:45:25 cron DEBUG: User login successful.
Dec 17 20:45:17 cron DEBUG: Connection closed by remote host.
Dec 17 20:45:10 sshd ERROR: Connection closed by remote host.
Dec 17 20:45:00 cron ERROR: Stopped service due to maintenance.
Dec 17 20:44:57 cron INFO: Started service successfully.
Dec 17 20:44:54 nginx DEBUG: User login successful.
Dec 17 20:44:47 sshd INFO: Stopped service due to maintenance.
Dec 17 20:44:44 kernel WARN: User login successful.
Dec 17 20:44:41 cron INFO: User login successful.
Dec 17 20:44:37 cron DEBUG: Started service successfully.
Dec 17 20:44:28 sshd DEBUG: Stopped service due to maintenance.
Dec 17 20:44:26 kernel DEBUG: Started service successfully.
Dec 17 20:44:25 nginx DEBUG: Scheduled task executed.
Dec 17 20:44:22 sshd INFO: Scheduled task executed.
Dec 17 20:44:20 cron WARN: Stopped service due to maintenance.
Dec 17 20:44:19 cron INFO: User login successful.
Dec 17 20:44:14 sshd DEBUG: User login successful.
Dec 17 20:44:07 kernel ERROR: Started service successfully.
Dec 17 20:44:04 kernel DEBUG: Scheduled task executed.
Dec 17 20:44:03 sshd DEBUG: Scheduled task executed.
Dec 17 20:43:54 nginx WARN: Started service successfully.
Dec 17 20:43:51 nginx INFO: Started service successfully.
Dec 17 20:43:41 sshd INFO: Connection closed by remote host.
Dec 17 20:43:35 kernel INFO: Scheduled task executed.
Dec 17 20:43:25 nginx WARN: Stopped service due to maintenance.
Dec 17 20:43:16 cron WARN: Connection closed by remote host.
Dec 17 20:43:12 nginx DEBUG: Stopped service due to maintenance.
Dec 17 20:43:10 nginx INFO: Started service successfully.
Dec 17 20:43:07 cron ERROR: Started service successfully.
Dec 17 20:43:02 nginx DEBUG: Connection closed by remote host.
Dec 17 20:42:53 sshd INFO: Stopped service due to maintenance.
Dec 17 20:42:44 kernel WARN: Stopped service due to maintenance.
Dec 17 20:42:43 cron ERROR: Started service successfully.
Dec 17 20:42:38 nginx ERROR: Scheduled task executed.
Dec 17 20:42:30 cron WARN: User login successful.
Dec 17 20:42:27 sshd DEBUG: Stopped service due to maintenance.
Dec 17 20:42:19 sshd INFO: Started service successfully.
Dec 17 20:42:16 systemd ERROR: User login successful.
Dec 17 20:42:13 kernel WARN: Connection closed by remote host.
Dec 17 20:42:07 systemd INFO: Started service successfully.
Dec 17 20:42:04 nginx WARN: Connection closed by remote host.
Dec 17 20:41:58 nginx DEBUG: Started service successfully.
Dec 17 20:41:56 cron INFO: Started service successfully.
Dec 17 20:41:50 sshd WARN: Connection closed by remote host.
Dec 17 20:41:45 kernel INFO: Connection closed by remote host.
Dec 17 20:41:37 kernel ERROR: Started service successfully.
Dec 17 20:41:36 nginx INFO: Stopped service due to maintenance.
Dec 17 20:41:26 nginx DEBUG: Started service successfully.
Dec 17 20:41:18 systemd INFO: Stopped service due to maintenance.
Dec 17 20:41:09 kernel ERROR: User login successful.
Dec 17 20:40:59 kernel WARN: User login successful.
Dec 17 20:40:54 systemd WARN: User login successful.
Dec 17 20:40:44 cron WARN: Connection closed by remote host.
Dec 17 20:40:39 sshd ERROR: User login successful.
Dec 17 20:40:34 nginx DEBUG: Connection closed by remote host.
Dec 17 20:40:29 sshd DEBUG: User login successful.
Dec 17 20:40:23 kernel WARN: Scheduled task executed.
Dec 17 20:40:14 nginx INFO: Started service successfully.
Dec 17 20:40:08 kernel DEBUG: Scheduled task executed.
Dec 17 20:40:01 cron ERROR: Scheduled task executed.
Dec 17 20:39:51 sshd ERROR: Stopped service due to maintenance.
Dec 17 20:39:46 sshd WARN: Stopped service due to maintenance.
Dec 17 20:39:44 sshd ERROR: Scheduled task executed.
Dec 17 20:39:39 kernel WARN: Connection closed by remote host.
Dec 17 20:39:29 nginx WARN: Connection closed by remote host.
Dec 17 20:39:26 systemd WARN: Connection closed by remote host.
Dec 17 20:39:20 kernel DEBUG: Connection closed by remote host.
Dec 17 20:39:14 kernel INFO: User login successful.
Dec 17 20:39:11 cron INFO: Connection closed by remote host.
Dec 17 20:39:04 systemd ERROR: Connection closed by remote host.
Dec 17 20:38:56 nginx ERROR: User login successful.
Dec 17 20:38:49 kernel INFO: Started service successfully.
Dec 17 20:38:46 cron INFO: Connection closed by remote host.
Dec 17 20:38:37 cron INFO: Scheduled task executed.
Dec 17 20:38:29 nginx WARN: Scheduled task executed.
Dec 17 20:38:27 nginx DEBUG: Scheduled task executed.
Dec 17 20:38:25 nginx ERROR: Connection closed by remote host.
Dec 17 20:38:20 kernel WARN: Stopped service due to maintenance.
Dec 17 20:38:13 sshd INFO: User login successful.
Dec 17 20:38:12 nginx ERROR: Scheduled task executed.
Dec 17 20:38:09 nginx INFO: User login successful.
Dec 17 20:38:06 systemd DEBUG: User login successful.
Dec 17 20:38:04 sshd INFO: Scheduled task executed.
Dec 17 20:37:56 sshd INFO: Started service successfully.
Dec 17 20:37:51 cron ERROR: Connection closed by remote host.
Dec 17 20:37:41 cron WARN: Started service successfully.
Dec 17 20:37:39 sshd WARN: Started service successfully.
Dec 17 20:37:30 cron WARN: Connection closed by remote host.
Dec 17 20:37:27 kernel DEBUG: Started service successfully.
Dec 17 20:37:17 cron ERROR: Started service successfully.
Dec 17 20:37:13 systemd DEBUG: User login successful.
Dec 17 20:37:10 sshd ERROR: Stopped service due to maintenance.
Dec 17 20:37:07 systemd DEBUG: Stopped service due to maintenance.
Dec 17 20:37:06 nginx ERROR: Started service successfully.
Dec 17 20:36:57 kernel DEBUG: Started service successfully.
Dec 17 20:36:53 sshd WARN: Stopped service due to maintenance.
Dec 17 20:36:51 sshd ERROR: Stopped service due to maintenance.
Dec 17 20:36:48 sshd DEBUG: User login successful.
Dec 17 20:36:44 sshd WARN: User login successful.
Dec 17 20:36:37 sshd WARN: Started service successfully.
Dec 17 20:36:32 sshd WARN: Connection closed by remote host.
Dec 17 20:36:23 cron DEBUG: Stopped service due to maintenance.
Dec 17 20:36:13 cron ERROR: Scheduled task executed.
Dec 17 20:36:10 cron INFO: Scheduled task executed.
Dec 17 20:36:04 sshd INFO: Stopped service due to maintenance.
Dec 17 20:35:56 nginx WARN: Started service successfully.
Dec 17 20:35:54 sshd WARN: User login successful.
Dec 17 20:35:46 systemd ERROR: Stopped service due to maintenance.
Dec 17 20:35:43 kernel ERROR: Connection closed by remote host.
Dec 17 20:35:38 systemd WARN: Started service successfully.
Dec 17 20:35:37 sshd ERROR: Stopped service due to maintenance.
Dec 17 20:35:27 systemd ERROR: Started service successfully.
Dec 17 20:35:22 systemd INFO: Connection closed by remote host.
Dec 17 20:35:13 systemd WARN: Started service successfully.
Dec 17 20:35:03 nginx INFO: Started service successfully.
Dec 17 20:35:02 sshd WARN: Connection closed by remote host.
Dec 17 20:34:54 cron DEBUG: Scheduled task executed.
Dec 17 20:34:50 sshd INFO: Scheduled task executed.
Dec 17 20:34:40 nginx WARN: Started service successfully.
Dec 17 20:34:30 cron WARN: Stopped service due to maintenance.
Dec 17 20:34:28 systemd ERROR: Scheduled task executed.
Dec 17 20:34:22 systemd WARN: Connection closed by remote host.
Dec 17 20:34:14 nginx WARN: Started service successfully.
Dec 17 20:34:13 kernel WARN: Connection closed by remote host.
Dec 17 20:34:09 nginx DEBUG: Scheduled task executed.
Dec 17 20:34:00 systemd ERROR: User login successful.
Dec 17 20:33:58 systemd INFO: Scheduled task executed.
Dec 17 20:33:53 systemd WARN: User login successful.
Dec 17 20:33:44 kernel DEBUG: Connection closed by remote host.
Dec 17 20:33:35 systemd WARN: Scheduled task executed.
Dec 17 20:33:34 nginx WARN: Stopped service due to maintenance.
Dec 17 20:33:30 sshd INFO: Stopped service due to maintenance.
Dec 17 20:33:27 systemd ERROR: User login successful.
Dec 17 20:33:22 nginx WARN: Started service successfully.
Dec 17 20:33:13 nginx ERROR: Connection closed by remote host.
Dec 17 20:33:10 systemd INFO: Scheduled task executed.
Dec 17 20:33:08 nginx DEBUG: User login successful.
Dec 17 20:33:01 kernel DEBUG: Connection closed by remote host.
Dec 17 20:32:56 sshd ERROR: Scheduled task executed.
Dec 17 20:32:54 sshd WARN: Connection closed by remote host.
Dec 17 20:32:46 nginx INFO: User login successful.
Dec 17 20:32:45 cron WARN: Stopped service due to maintenance.
Dec 17 20:32:38 cron WARN: Started service successfully.
Dec 17 20:32:29 kernel INFO: Stopped service due to maintenance.
Dec 17 20:32:27 sshd ERROR: Started service successfully.
Dec 17 20:32:25 cron INFO: Stopped service due to maintenance.
Dec 17 20:32:17 cron ERROR: Scheduled task executed.
Dec 17 20:32:14 sshd ERROR: Connection closed by remote host.
Dec 17 20:32:07 kernel INFO: Scheduled task executed.
Dec 17 20:32:04 kernel WARN: Stopped service due to maintenance.
Dec 17 20:31:59 nginx INFO: Stopped service due to maintenance.
Dec 17 20:31:50 nginx WARN: Scheduled task executed.
Dec 17 20:31:47 kernel INFO: User login successful.
Dec 17 20:31:44 sshd DEBUG: Connection closed by remote host.
Dec 17 20:31:43 sshd DEBUG: Scheduled task executed.
Dec 17 20:31:39 sshd ERROR: Connection closed by remote host.
Dec 17 20:31:31 nginx WARN: User login successful.
Dec 17 20:31:26 kernel WARN: Stopped service due to maintenance.
Dec 17 20:31:17 cron DEBUG: Scheduled task executed.
Dec 17 20:31:13 cron INFO: Started service successfully.
Dec 17 20:31:06 sshd WARN: Started service successfully.
Dec 17 20:30:59 systemd WARN: Started service successfully.
Dec 17 20:30:49 kernel ERROR: Scheduled task executed.
Dec 17 20:30:41 nginx WARN: Connection closed by remote host.
Dec 17 20:30:32 sshd ERROR: Connection closed by remote host.
Dec 17 20:30:25 nginx DEBUG: Connection closed by remote host.
Dec 17 20:30:24 cron INFO: Stopped service due to maintenance.
Dec 17 20:30:15 cron DEBUG: Started service successfully.
Dec 17 20:30:09 sshd CRITICAL: Kernel panic: Unable to handle NULL pointer dereference.
Dec 17 20:29:59 cron CRITICAL: Unauthorized login attempt detected.
Dec 17 20:29:53 kernel CRITICAL: Kernel panic: Unable to handle NULL pointer dereference.
Dec 17 20:29:47 kernel CRITICAL: Kernel panic: Unable to handle NULL pointer dereference.
Dec 17 20:29:43 cron CRITICAL: High memory usage detected: 95% used.
Dec 17 20:29:42 sshd CRITICAL: Unauthorized login attempt detected.
Dec 17 20:29:37 sshd CRITICAL: Unauthorized login attempt detected.
Dec 17 20:29:36 systemd CRITICAL: Unauthorized login attempt detected.
Dec 17 20:29:27 nginx CRITICAL: Service crashed due to segmentation fault.
Dec 17 20:29:19 cron CRITICAL: Kernel panic: Unable to handle NULL pointer dereference.
